-------------------------------------------------------------------------------
Test set: org.example.testRunner.runner
-------------------------------------------------------------------------------
Tests run: 19, Failures: 3, Errors: 0, Skipped: 0, Time elapsed: 268.561 s <<< FAILURE! - in org.example.testRunner.runner
org.example.testRunner.runner.runScenario  Time elapsed: 11.672 s  <<< FAILURE!
java.lang.AssertionError: expected [https://demo.nopcommerce.com/nokia-lumia-1020] but found [https://demo.nopcommerce.com/]

org.example.testRunner.runner.runScenario  Time elapsed: 11.832 s  <<< FAILURE!
java.lang.AssertionError: expected [ https://demo.nopcommerce.com/iphone-6] but found [https://demo.nopcommerce.com/]

org.example.testRunner.runner.runScenario  Time elapsed: 13.108 s  <<< FAILURE!
java.lang.AssertionError: expected [https://demo.nopcommerce.com/new-online-store-is-open] but found [https://demo.nopcommerce.com/news/rss/1]

