<?xml version="1.0" encoding="UTF-8"?>
<testsuite xmlns:xsi="http://www.w3.org/2001/XMLSchema-instance" xsi:noNamespaceSchemaLocation="https://maven.apache.org/surefire/maven-surefire-plugin/xsd/surefire-test-report-3.0.xsd" version="3.0" name="org.example.testRunner.runner" time="268.561" tests="19" errors="0" skipped="0" failures="3">
  <properties>
[...]
</properties>
  <testcase name="runScenario" classname="org.example.testRunner.runner" time="19.245"/>
  <testcase name="runScenario" classname="org.example.testRunner.runner" time="15.342"/>
  <testcase name="runScenario" classname="org.example.testRunner.runner" time="11.922"/>
  <testcase name="runScenario" classname="org.example.testRunner.runner" time="11.483"/>
  <testcase name="runScenario" classname="org.example.testRunner.runner" time="13.464"/>
  <testcase name="runScenario" classname="org.example.testRunner.runner" time="11.789"/>
  <testcase name="runScenario" classname="org.example.testRunner.runner" time="11.733"/>
  <testcase name="runScenario" classname="org.example.testRunner.runner" time="13.734"/>
  <testcase name="runScenario" classname="org.example.testRunner.runner" time="14.372"/>
  <testcase name="runScenario" classname="org.example.testRunner.runner" time="13.304"/>
  <testcase name="runScenario" classname="org.example.testRunner.runner" time="12.829"/>
  <testcase name="runScenario" classname="org.example.testRunner.runner" time="11.672">
    <failure message="expected [https://demo.nopcommerce.com/nokia-lumia-1020] but found [https://demo.nopcommerce.com/]" type="java.lang.AssertionError"><![CDATA[java.lang.AssertionError: expected [https://demo.nopcommerce.com/nokia-lumia-1020] but found [https://demo.nopcommerce.com/]
]]></failure>
    <system-out><![CDATA[
@Test
Scenario: first slider is clickable on home page &amp#27;[90m# src/main/resources/features/F-HomeSlider.feature:3&amp#27;[0m
  &amp#27;[32mGiven &amp#27;[0m&amp#27;[32mclick on first slider&amp#27;[0m                    &amp#27;[90m# org.example.stepDef.HomeSlider.clickOnFirstSlider()&amp#27;[0m
  &amp#27;[31mWhen &amp#27;[0m&amp#27;[31mAssertion with URL link first scenario&amp#27;[0m    &amp#27;[90m# org.example.stepDef.HomeSlider.assertionWithURLLinkFirstScenario()&amp#27;[0m
      &amp#27;[31mjava.lang.AssertionError: expected [https://demo.nopcommerce.com/nokia-lumia-1020] but found [https://demo.nopcommerce.com/]
	at org.testng.Assert.fail(Assert.java:110)
	at org.testng.Assert.failNotEquals(Assert.java:1413)
	at org.testng.Assert.assertEqualsImpl(Assert.java:149)
	at org.testng.Assert.assertEquals(Assert.java:131)
	at org.testng.Assert.assertEquals(Assert.java:655)
	at org.testng.Assert.assertEquals(Assert.java:665)
	at org.example.pages.pomHomeSlider.AssertionWithURLLinkFirstScenario(pomHomeSlider.java:33)
	at org.example.stepDef.HomeSlider.assertionWithURLLinkFirstScenario(HomeSlider.java:19)
	at âœ½.Assertion with URL link first scenario(file:///C:/Users/CompuCity/IdeaProjects/EcommerceApp/src/main/resources/features/F-HomeSlider.feature:5)
&amp#27;[0m
]]></system-out>
    <system-err><![CDATA[Starting ChromeDriver 104.0.5112.79 (3cf3e8c8a07d104b9e1260c910efb8f383285dc5-refs/branch-heads/5112@{#1307}) on port 55969
Only local connections are allowed.
Please see https://chromedriver.chromium.org/security-considerations for suggestions on keeping ChromeDriver safe.
ChromeDriver was started successfully.
[1663798084.045][WARNING]: This version of ChromeDriver has not been tested with Chrome version 105.
Sep 22, 2022 12:08:04 AM org.openqa.selenium.remote.ProtocolHandshake createSession
INFO: Detected upstream dialect: W3C
Sep 22, 2022 12:08:04 AM org.openqa.selenium.devtools.CdpVersionFinder findNearestMatch
WARNING: Unable to find an exact match for CDP version 105, so returning the closest version found: 104
Sep 22, 2022 12:08:04 AM org.openqa.selenium.devtools.CdpVersionFinder findNearestMatch
INFO: Found CDP implementation for version 105 of 104
]]></system-err>
  </testcase>
  <testcase name="runScenario" classname="org.example.testRunner.runner" time="11.832">
    <failure message="expected [ https://demo.nopcommerce.com/iphone-6] but found [https://demo.nopcommerce.com/]" type="java.lang.AssertionError"><![CDATA[java.lang.AssertionError: expected [ https://demo.nopcommerce.com/iphone-6] but found [https://demo.nopcommerce.com/]
]]></failure>
    <system-out><![CDATA[
@Test
Scenario: second slider is clickable on home page &amp#27;[90m# src/main/resources/features/F-HomeSlider.feature:10&amp#27;[0m
  &amp#27;[32mGiven &amp#27;[0m&amp#27;[32mclick on second slider&amp#27;[0m                    &amp#27;[90m# org.example.stepDef.HomeSlider.clickOnSecondSlider()&amp#27;[0m
  &amp#27;[31mWhen &amp#27;[0m&amp#27;[31mAssertion with URL link second scenario&amp#27;[0m    &amp#27;[90m# org.example.stepDef.HomeSlider.assertionWithURLLinkSecondScenario()&amp#27;[0m
      &amp#27;[31mjava.lang.AssertionError: expected [ https://demo.nopcommerce.com/iphone-6] but found [https://demo.nopcommerce.com/]
	at org.testng.Assert.fail(Assert.java:110)
	at org.testng.Assert.failNotEquals(Assert.java:1413)
	at org.testng.Assert.assertEqualsImpl(Assert.java:149)
	at org.testng.Assert.assertEquals(Assert.java:131)
	at org.testng.Assert.assertEquals(Assert.java:655)
	at org.testng.Assert.assertEquals(Assert.java:665)
	at org.example.pages.pomHomeSlider.AssertionWithURLLinkSecondScenario(pomHomeSlider.java:38)
	at org.example.stepDef.HomeSlider.assertionWithURLLinkSecondScenario(HomeSlider.java:34)
	at âœ½.Assertion with URL link second scenario(file:///C:/Users/CompuCity/IdeaProjects/EcommerceApp/src/main/resources/features/F-HomeSlider.feature:12)
&amp#27;[0m
]]></system-out>
    <system-err><![CDATA[Starting ChromeDriver 104.0.5112.79 (3cf3e8c8a07d104b9e1260c910efb8f383285dc5-refs/branch-heads/5112@{#1307}) on port 55593
Only local connections are allowed.
Please see https://chromedriver.chromium.org/security-considerations for suggestions on keeping ChromeDriver safe.
ChromeDriver was started successfully.
[1663798095.750][WARNING]: This version of ChromeDriver has not been tested with Chrome version 105.
Sep 22, 2022 12:08:15 AM org.openqa.selenium.remote.ProtocolHandshake createSession
INFO: Detected upstream dialect: W3C
Sep 22, 2022 12:08:15 AM org.openqa.selenium.devtools.CdpVersionFinder findNearestMatch
WARNING: Unable to find an exact match for CDP version 105, so returning the closest version found: 104
Sep 22, 2022 12:08:15 AM org.openqa.selenium.devtools.CdpVersionFinder findNearestMatch
INFO: Found CDP implementation for version 105 of 104
]]></system-err>
  </testcase>
  <testcase name="runScenario" classname="org.example.testRunner.runner" time="14.215"/>
  <testcase name="runScenario" classname="org.example.testRunner.runner" time="15.089"/>
  <testcase name="runScenario" classname="org.example.testRunner.runner" time="13.108">
    <failure message="expected [https://demo.nopcommerce.com/new-online-store-is-open] but found [https://demo.nopcommerce.com/news/rss/1]" type="java.lang.AssertionError"><![CDATA[java.lang.AssertionError: expected [https://demo.nopcommerce.com/new-online-store-is-open] but found [https://demo.nopcommerce.com/news/rss/1]
]]></failure>
    <system-out><![CDATA[
@Test
Scenario: using rss tab                   &amp#27;[90m# src/main/resources/features/G-FollowUs.feature:13&amp#27;[0m
https://demo.nopcommerce.com/news/rss/1
  &amp#27;[32mGiven &amp#27;[0m&amp#27;[32mclick on rss tab&amp#27;[0m                  &amp#27;[90m# org.example.stepDef.FollowUs.clickOnRssTab()&amp#27;[0m
  &amp#27;[31mThen &amp#27;[0m&amp#27;[31mAssertion with Url link on rss tab&amp#27;[0m &amp#27;[90m# org.example.stepDef.FollowUs.assertionWithUrlLinkOnRssTab()&amp#27;[0m
      &amp#27;[31mjava.lang.AssertionError: expected [https://demo.nopcommerce.com/new-online-store-is-open] but found [https://demo.nopcommerce.com/news/rss/1]
	at org.testng.Assert.fail(Assert.java:110)
	at org.testng.Assert.failNotEquals(Assert.java:1413)
	at org.testng.Assert.assertEqualsImpl(Assert.java:149)
	at org.testng.Assert.assertEquals(Assert.java:131)
	at org.testng.Assert.assertEquals(Assert.java:655)
	at org.testng.Assert.assertEquals(Assert.java:665)
	at org.example.stepDef.FollowUs.assertionWithUrlLinkOnRssTab(FollowUs.java:63)
	at âœ½.Assertion with Url link on rss tab(file:///C:/Users/CompuCity/IdeaProjects/EcommerceApp/src/main/resources/features/G-FollowUs.feature:16)
&amp#27;[0m
]]></system-out>
    <system-err><![CDATA[Starting ChromeDriver 104.0.5112.79 (3cf3e8c8a07d104b9e1260c910efb8f383285dc5-refs/branch-heads/5112@{#1307}) on port 63730
Only local connections are allowed.
Please see https://chromedriver.chromium.org/security-considerations for suggestions on keeping ChromeDriver safe.
ChromeDriver was started successfully.
[1663798137.156][WARNING]: This version of ChromeDriver has not been tested with Chrome version 105.
Sep 22, 2022 12:08:57 AM org.openqa.selenium.remote.ProtocolHandshake createSession
INFO: Detected upstream dialect: W3C
Sep 22, 2022 12:08:57 AM org.openqa.selenium.devtools.CdpVersionFinder findNearestMatch
WARNING: Unable to find an exact match for CDP version 105, so returning the closest version found: 104
Sep 22, 2022 12:08:57 AM org.openqa.selenium.devtools.CdpVersionFinder findNearestMatch
INFO: Found CDP implementation for version 105 of 104
]]></system-err>
  </testcase>
  <testcase name="runScenario" classname="org.example.testRunner.runner" time="17.88"/>
  <testcase name="runScenario" classname="org.example.testRunner.runner" time="13.156"/>
  <testcase name="runScenario" classname="org.example.testRunner.runner" time="20.521"/>
</testsuite>